<?xml version="1.0" encoding="UTF-8"?>
<!-- Generated by org.testng.reporters.JUnitReportReporter -->
<testsuite hostname="AC-LAP-043.local" failures="0" tests="1" name="automation.Createdriver" time="6.661" errors="0" timestamp="2024-07-16T14:38:23 IST" skipped="0">
  <testcase classname="automation.Createdriver" name="testcase" time="6.661"/>
</testsuite> <!-- automation.Createdriver -->
